<?xml version="1.0" encoding="UTF-8"?>
<!-- Generated by org.testng.reporters.JUnitReportReporter -->
<testsuite hostname="venus-air.wifi.uc.edu" failures="0" tests="6" name="api.test.DDTests" time="3.567" errors="0" timestamp="2024-08-30T17:05:32 EDT" skipped="0">
  <testcase classname="api.test.DDTests" name="testPostUser" time="0.228"/>
  <system-out/>
  <testcase classname="api.test.DDTests" name="testPostUser" time="2.457"/>
  <system-out/>
  <testcase classname="api.test.DDTests" name="testPostUser" time="0.202"/>
  <system-out/>
  <testcase classname="api.test.DDTests" name="testDeleteUser" time="0.248"/>
  <system-out/>
  <testcase classname="api.test.DDTests" name="testDeleteUser" time="0.236"/>
  <system-out/>
  <testcase classname="api.test.DDTests" name="testDeleteUser" time="0.196"/>
  <system-out/>
</testsuite> <!-- api.test.DDTests -->
