<?xml version="1.0" encoding="UTF-8"?>
<!-- Generated by org.testng.reporters.JUnitReportReporter -->
<testsuite hostname="venus-air.wifi.uc.edu" failures="0" tests="4" name="api.test.UserTests" time="3.718" errors="0" timestamp="2024-08-30T18:11:22 EDT" skipped="0">
  <testcase classname="api.test.UserTests" name="testPostUser" time="2.649"/>
  <testcase classname="api.test.UserTests" name="testGetUser" time="0.273"/>
  <testcase classname="api.test.UserTests" name="testUpdateUser" time="0.520"/>
  <testcase classname="api.test.UserTests" name="testDeleteUser" time="0.276"/>
</testsuite> <!-- api.test.UserTests -->
