<?xml version="1.0" encoding="UTF-8"?>
<!-- Generated by org.testng.reporters.JUnitReportReporter -->
<testsuite hostname="venus-air.wifi.uc.edu" failures="0" tests="4" name="api.test.UserTests" time="4.960" errors="0" timestamp="2024-08-30T18:54:38 EDT" skipped="0">
  <testcase classname="api.test.UserTests" name="testPostUser" time="4.150"/>
  <testcase classname="api.test.UserTests" name="testGetUser" time="0.181"/>
  <testcase classname="api.test.UserTests" name="testUpdateUser" time="0.448"/>
  <testcase classname="api.test.UserTests" name="testDeleteUser" time="0.181"/>
</testsuite> <!-- api.test.UserTests -->
